app/build/intermediates/manifest_merge_blame_file/debug/processDebugMainManifest/manifest-merger-blame-debug-report.txt
1<?xml version="1.0" encoding="utf-8"?>
2<manifest xmlns:android="http://schemas.android.com/apk/res/android"
3    package="com.example.silmedy"
4    android:versionCode="1"
5    android:versionName="1.0" >
6
7    <uses-sdk
8        android:minSdkVersion="24"
9        android:targetSdkVersion="35" />
10
11    <!-- 네트워크 권한 -->
12    <uses-permission android:name="android.permission.INTERNET" />
12-->src/main/AndroidManifest.xml:8:5-67
12-->src/main/AndroidManifest.xml:8:22-64
13    <uses-permission android:name="android.permission.ACCESS_NETWORK_STATE" />
13-->src/main/AndroidManifest.xml:9:5-79
13-->src/main/AndroidManifest.xml:9:22-76
14
15    <!-- 기타 권한들 -->
16    <uses-permission android:name="android.permission.POST_NOTIFICATIONS" />
16-->src/main/AndroidManifest.xml:12:5-77
16-->src/main/AndroidManifest.xml:12:22-74
17    <uses-permission android:name="android.permission.CAMERA" />
17-->src/main/AndroidManifest.xml:13:5-65
17-->src/main/AndroidManifest.xml:13:22-62
18    <uses-permission android:name="android.permission.READ_EXTERNAL_STORAGE" />
18-->src/main/AndroidManifest.xml:14:5-80
18-->src/main/AndroidManifest.xml:14:22-77
19    <uses-permission android:name="android.permission.WRITE_EXTERNAL_STORAGE" />
19-->src/main/AndroidManifest.xml:15:5-81
19-->src/main/AndroidManifest.xml:15:22-78
20    <uses-permission android:name="android.permission.ACCESS_FINE_LOCATION" />
20-->src/main/AndroidManifest.xml:16:5-79
20-->src/main/AndroidManifest.xml:16:22-76
21    <uses-permission android:name="android.permission.ACCESS_COARSE_LOCATION" />
21-->src/main/AndroidManifest.xml:17:5-81
21-->src/main/AndroidManifest.xml:17:22-78
22
23    <!-- 카메라 필수 기기 설정 -->
24    <uses-feature
24-->src/main/AndroidManifest.xml:20:5-84
25        android:name="android.hardware.camera"
25-->src/main/AndroidManifest.xml:20:19-57
26        android:required="true" />
26-->src/main/AndroidManifest.xml:20:58-81
27
28    <uses-permission android:name="android.permission.WAKE_LOCK" /> <!-- Required by older versions of Google Play services to create IID tokens -->
28-->[com.google.firebase:firebase-messaging:24.1.1] AndroidManifest.xml:24:5-68
28-->[com.google.firebase:firebase-messaging:24.1.1] AndroidManifest.xml:24:22-65
29    <uses-permission android:name="com.google.android.c2dm.permission.RECEIVE" />
29-->[com.google.firebase:firebase-messaging:24.1.1] AndroidManifest.xml:26:5-82
29-->[com.google.firebase:firebase-messaging:24.1.1] AndroidManifest.xml:26:22-79
30    <uses-permission android:name="com.google.android.finsky.permission.BIND_GET_INSTALL_REFERRER_SERVICE" />
30-->[com.google.android.gms:play-services-measurement:22.4.0] AndroidManifest.xml:26:5-110
30-->[com.google.android.gms:play-services-measurement:22.4.0] AndroidManifest.xml:26:22-107
31    <uses-permission android:name="com.google.android.gms.permission.AD_ID" />
31-->[com.google.android.gms:play-services-measurement-api:22.4.0] AndroidManifest.xml:25:5-79
31-->[com.google.android.gms:play-services-measurement-api:22.4.0] AndroidManifest.xml:25:22-76
32    <uses-permission android:name="android.permission.ACCESS_ADSERVICES_ATTRIBUTION" />
32-->[com.google.android.gms:play-services-measurement-api:22.4.0] AndroidManifest.xml:26:5-88
32-->[com.google.android.gms:play-services-measurement-api:22.4.0] AndroidManifest.xml:26:22-85
33    <uses-permission android:name="android.permission.ACCESS_ADSERVICES_AD_ID" />
33-->[com.google.android.gms:play-services-measurement-api:22.4.0] AndroidManifest.xml:27:5-82
33-->[com.google.android.gms:play-services-measurement-api:22.4.0] AndroidManifest.xml:27:22-79
34    <uses-permission android:name="com.google.android.providers.gsf.permission.READ_GSERVICES" />
34-->[com.google.android.recaptcha:recaptcha:18.6.1] AndroidManifest.xml:9:5-98
34-->[com.google.android.recaptcha:recaptcha:18.6.1] AndroidManifest.xml:9:22-95
35
36    <permission
36-->[androidx.core:core:1.13.0] AndroidManifest.xml:22:5-24:47
37        android:name="com.example.silmedy.DYNAMIC_RECEIVER_NOT_EXPORTED_PERMISSION"
37-->[androidx.core:core:1.13.0] AndroidManifest.xml:23:9-81
38        android:protectionLevel="signature" />
38-->[androidx.core:core:1.13.0] AndroidManifest.xml:24:9-44
39
40    <uses-permission android:name="com.example.silmedy.DYNAMIC_RECEIVER_NOT_EXPORTED_PERMISSION" />
40-->[androidx.core:core:1.13.0] AndroidManifest.xml:26:5-97
40-->[androidx.core:core:1.13.0] AndroidManifest.xml:26:22-94
41
42    <application
42-->src/main/AndroidManifest.xml:22:5-126:19
43        android:allowBackup="true"
43-->src/main/AndroidManifest.xml:23:9-35
44        android:appComponentFactory="androidx.core.app.CoreComponentFactory"
44-->[androidx.core:core:1.13.0] AndroidManifest.xml:28:18-86
45        android:dataExtractionRules="@xml/data_extraction_rules"
45-->src/main/AndroidManifest.xml:26:9-65
46        android:debuggable="true"
47        android:extractNativeLibs="false"
48        android:fullBackupContent="@xml/backup_rules"
48-->src/main/AndroidManifest.xml:27:9-54
49        android:icon="@drawable/silmedy_circle"
49-->src/main/AndroidManifest.xml:28:9-48
50        android:label="@string/app_name"
50-->src/main/AndroidManifest.xml:29:9-41
51        android:localeConfig="@xml/locales_config"
51-->src/main/AndroidManifest.xml:30:9-51
52        android:networkSecurityConfig="@xml/network_security_config"
52-->src/main/AndroidManifest.xml:25:9-69
53        android:roundIcon="@drawable/silmedy_circle"
53-->src/main/AndroidManifest.xml:31:9-53
54        android:supportsRtl="true"
54-->src/main/AndroidManifest.xml:32:9-35
55        android:testOnly="true"
56        android:theme="@style/Theme.Silmedy"
56-->src/main/AndroidManifest.xml:33:9-45
57        android:usesCleartextTraffic="true" >
57-->src/main/AndroidManifest.xml:24:9-44
58
59        <!-- Android 13+ 기본 로케일 -->
60        <meta-data
60-->src/main/AndroidManifest.xml:37:9-63
61            android:name="locale"
61-->src/main/AndroidManifest.xml:37:20-41
62            android:value="ko" />
62-->src/main/AndroidManifest.xml:37:42-60
63
64        <!-- Kakao SDK AppKey -->
65        <meta-data
65-->src/main/AndroidManifest.xml:40:9-42:70
66            android:name="com.kakao.sdk.AppKey"
66-->src/main/AndroidManifest.xml:41:13-48
67            android:value="@string/kakao_key_manifest_placeholder" />
67-->src/main/AndroidManifest.xml:42:13-67
68
69        <!-- ▶▶▶ 런처 액티비티: MainActivity ◀◀◀ -->
70        <activity
70-->src/main/AndroidManifest.xml:45:9-53:20
71            android:name="com.example.silmedy.MainActivity"
71-->src/main/AndroidManifest.xml:46:13-41
72            android:exported="true"
72-->src/main/AndroidManifest.xml:47:13-36
73            android:label="@string/app_name" >
73-->src/main/AndroidManifest.xml:48:13-45
74            <intent-filter>
74-->src/main/AndroidManifest.xml:49:13-52:29
75                <action android:name="android.intent.action.MAIN" />
75-->src/main/AndroidManifest.xml:50:17-69
75-->src/main/AndroidManifest.xml:50:25-66
76
77                <category android:name="android.intent.category.LAUNCHER" />
77-->src/main/AndroidManifest.xml:51:17-77
77-->src/main/AndroidManifest.xml:51:27-74
78            </intent-filter>
79        </activity>
80
81        <!-- 인증 & 아이디 찾기 -->
82        <activity
82-->src/main/AndroidManifest.xml:56:9-59:62
83            android:name="com.example.silmedy.ui.auth.FindIdActivity"
83-->src/main/AndroidManifest.xml:57:13-51
84            android:exported="false"
84-->src/main/AndroidManifest.xml:58:13-37
85            android:label="@string/title_activity_find_id" />
85-->src/main/AndroidManifest.xml:59:13-59
86        <activity
86-->src/main/AndroidManifest.xml:60:9-63:69
87            android:name="com.example.silmedy.ui.auth.CheckIdentityActivity"
87-->src/main/AndroidManifest.xml:61:13-58
88            android:exported="false"
88-->src/main/AndroidManifest.xml:62:13-37
89            android:label="@string/title_activity_check_identity" />
89-->src/main/AndroidManifest.xml:63:13-66
90
91        <!-- 우편번호 조회 -->
92        <activity
92-->src/main/AndroidManifest.xml:66:9-69:66
93            android:name="com.example.silmedy.ui.open_api.PostalCodeActivity"
93-->src/main/AndroidManifest.xml:67:13-59
94            android:exported="false"
94-->src/main/AndroidManifest.xml:68:13-37
95            android:label="@string/title_activity_postal_code" />
95-->src/main/AndroidManifest.xml:69:13-63
96
97        <!-- 의료 홈 -->
98        <activity
98-->src/main/AndroidManifest.xml:72:9-75:48
99            android:name="com.example.silmedy.ui.clinic.ClinicHomeActivity"
99-->src/main/AndroidManifest.xml:73:13-57
100            android:exported="false"
100-->src/main/AndroidManifest.xml:74:13-37
101            android:label="@string/app_name" />
101-->src/main/AndroidManifest.xml:75:13-45
102
103        <!-- 로그인 (이제 런처가 아님) -->
104        <activity
104-->src/main/AndroidManifest.xml:78:9-81:60
105            android:name="com.example.silmedy.ui.auth.LoginActivity"
105-->src/main/AndroidManifest.xml:79:13-50
106            android:exported="false"
106-->src/main/AndroidManifest.xml:80:13-37
107            android:label="@string/title_activity_login" />
107-->src/main/AndroidManifest.xml:81:13-57
108
109        <!-- 진료 요청 흐름 -->
110        <activity android:name="com.example.silmedy.ui.care_request.SymptomChoiceActivity" />
110-->src/main/AndroidManifest.xml:84:9-75
110-->src/main/AndroidManifest.xml:84:19-72
111        <activity android:name="com.example.silmedy.ui.care_request.DoctorListActivity" />
111-->src/main/AndroidManifest.xml:85:9-72
111-->src/main/AndroidManifest.xml:85:19-69
112        <activity android:name="com.example.silmedy.ui.care_request.CareRequestActivity" />
112-->src/main/AndroidManifest.xml:86:9-73
112-->src/main/AndroidManifest.xml:86:19-70
113        <activity android:name="com.example.silmedy.ui.care_request.CareRequestCompleteActivity" />
113-->src/main/AndroidManifest.xml:87:9-81
113-->src/main/AndroidManifest.xml:87:19-78
114
115        <!-- 지도, 사진 진료 흐름 -->
116        <activity android:name="com.example.silmedy.ui.open_api.MapActivity" />
116-->src/main/AndroidManifest.xml:90:9-61
116-->src/main/AndroidManifest.xml:90:19-58
117        <activity android:name="com.example.silmedy.ui.photo_clinic.BodyMain" />
117-->src/main/AndroidManifest.xml:91:9-62
117-->src/main/AndroidManifest.xml:91:19-59
118        <activity android:name="com.example.silmedy.ui.photo_clinic.ArmActivity" />
118-->src/main/AndroidManifest.xml:92:9-65
118-->src/main/AndroidManifest.xml:92:19-62
119        <activity android:name="com.example.silmedy.ui.photo_clinic.BodyActivity" />
119-->src/main/AndroidManifest.xml:93:9-66
119-->src/main/AndroidManifest.xml:93:19-63
120        <activity android:name="com.example.silmedy.ui.photo_clinic.HeadActivity" />
120-->src/main/AndroidManifest.xml:94:9-66
120-->src/main/AndroidManifest.xml:94:19-63
121        <activity android:name="com.example.silmedy.ui.photo_clinic.LegActivity" />
121-->src/main/AndroidManifest.xml:95:9-65
121-->src/main/AndroidManifest.xml:95:19-62
122        <activity android:name="com.example.silmedy.ui.photo_clinic.ShootingActivity" />
122-->src/main/AndroidManifest.xml:96:9-70
122-->src/main/AndroidManifest.xml:96:19-67
123        <activity android:name="com.example.silmedy.ui.photo_clinic.DiagnosisResultsActivity" />
123-->src/main/AndroidManifest.xml:97:9-78
123-->src/main/AndroidManifest.xml:97:19-75
124
125        <!-- AI 대화 화면 -->
126        <activity
126-->src/main/AndroidManifest.xml:100:9-103:53
127            android:name="com.example.silmedy.llama.LlamaActivity"
127-->src/main/AndroidManifest.xml:101:13-48
128            android:exported="false"
128-->src/main/AndroidManifest.xml:102:13-37
129            android:label="@string/home_ai_title" />
129-->src/main/AndroidManifest.xml:103:13-50
130
131        <!-- 회원가입 / 비밀번호 찾기 -->
132        <activity
132-->src/main/AndroidManifest.xml:106:9-109:61
133            android:name="com.example.silmedy.ui.auth.SignupActivity"
133-->src/main/AndroidManifest.xml:107:13-51
134            android:exported="false"
134-->src/main/AndroidManifest.xml:108:13-37
135            android:label="@string/title_activity_signup" />
135-->src/main/AndroidManifest.xml:109:13-58
136        <activity
136-->src/main/AndroidManifest.xml:110:9-113:68
137            android:name="com.example.silmedy.ui.auth.FindPasswordActivity"
137-->src/main/AndroidManifest.xml:111:13-57
138            android:exported="false"
138-->src/main/AndroidManifest.xml:112:13-37
139            android:label="@string/title_activity_find_password" />
139-->src/main/AndroidManifest.xml:113:13-65
140
141        <!-- FileProvider (사진 업로드 등) -->
142        <provider
142-->src/main/AndroidManifest.xml:116:9-124:20
143            android:name="androidx.core.content.FileProvider"
143-->src/main/AndroidManifest.xml:117:13-62
144            android:authorities="com.example.silmedy.fileprovider"
144-->src/main/AndroidManifest.xml:118:13-67
145            android:exported="false"
145-->src/main/AndroidManifest.xml:119:13-37
146            android:grantUriPermissions="true" >
146-->src/main/AndroidManifest.xml:120:13-47
147            <meta-data
147-->src/main/AndroidManifest.xml:121:13-123:54
148                android:name="android.support.FILE_PROVIDER_PATHS"
148-->src/main/AndroidManifest.xml:122:17-67
149                android:resource="@xml/file_paths" />
149-->src/main/AndroidManifest.xml:123:17-51
150        </provider>
151
152        <activity
152-->[com.google.firebase:firebase-auth:23.2.0] AndroidManifest.xml:29:9-46:20
153            android:name="com.google.firebase.auth.internal.GenericIdpActivity"
153-->[com.google.firebase:firebase-auth:23.2.0] AndroidManifest.xml:30:13-80
154            android:excludeFromRecents="true"
154-->[com.google.firebase:firebase-auth:23.2.0] AndroidManifest.xml:31:13-46
155            android:exported="true"
155-->[com.google.firebase:firebase-auth:23.2.0] AndroidManifest.xml:32:13-36
156            android:launchMode="singleTask"
156-->[com.google.firebase:firebase-auth:23.2.0] AndroidManifest.xml:33:13-44
157            android:theme="@android:style/Theme.Translucent.NoTitleBar" >
157-->[com.google.firebase:firebase-auth:23.2.0] AndroidManifest.xml:34:13-72
158            <intent-filter>
158-->[com.google.firebase:firebase-auth:23.2.0] AndroidManifest.xml:35:13-45:29
159                <action android:name="android.intent.action.VIEW" />
159-->[com.google.firebase:firebase-auth:23.2.0] AndroidManifest.xml:36:17-69
159-->[com.google.firebase:firebase-auth:23.2.0] AndroidManifest.xml:36:25-66
160
161                <category android:name="android.intent.category.DEFAULT" />
161-->[com.google.firebase:firebase-auth:23.2.0] AndroidManifest.xml:38:17-76
161-->[com.google.firebase:firebase-auth:23.2.0] AndroidManifest.xml:38:27-73
162                <category android:name="android.intent.category.BROWSABLE" />
162-->[com.google.firebase:firebase-auth:23.2.0] AndroidManifest.xml:39:17-78
162-->[com.google.firebase:firebase-auth:23.2.0] AndroidManifest.xml:39:27-75
163
164                <data
164-->[com.google.firebase:firebase-auth:23.2.0] AndroidManifest.xml:41:17-44:51
165                    android:host="firebase.auth"
165-->[com.google.firebase:firebase-auth:23.2.0] AndroidManifest.xml:42:21-49
166                    android:path="/"
166-->[com.google.firebase:firebase-auth:23.2.0] AndroidManifest.xml:43:21-37
167                    android:scheme="genericidp" />
167-->[com.google.firebase:firebase-auth:23.2.0] AndroidManifest.xml:44:21-48
168            </intent-filter>
169        </activity>
170        <activity
170-->[com.google.firebase:firebase-auth:23.2.0] AndroidManifest.xml:47:9-64:20
171            android:name="com.google.firebase.auth.internal.RecaptchaActivity"
171-->[com.google.firebase:firebase-auth:23.2.0] AndroidManifest.xml:48:13-79
172            android:excludeFromRecents="true"
172-->[com.google.firebase:firebase-auth:23.2.0] AndroidManifest.xml:49:13-46
173            android:exported="true"
173-->[com.google.firebase:firebase-auth:23.2.0] AndroidManifest.xml:50:13-36
174            android:launchMode="singleTask"
174-->[com.google.firebase:firebase-auth:23.2.0] AndroidManifest.xml:51:13-44
175            android:theme="@android:style/Theme.Translucent.NoTitleBar" >
175-->[com.google.firebase:firebase-auth:23.2.0] AndroidManifest.xml:52:13-72
176            <intent-filter>
176-->[com.google.firebase:firebase-auth:23.2.0] AndroidManifest.xml:53:13-63:29
177                <action android:name="android.intent.action.VIEW" />
177-->[com.google.firebase:firebase-auth:23.2.0] AndroidManifest.xml:36:17-69
177-->[com.google.firebase:firebase-auth:23.2.0] AndroidManifest.xml:36:25-66
178
179                <category android:name="android.intent.category.DEFAULT" />
179-->[com.google.firebase:firebase-auth:23.2.0] AndroidManifest.xml:38:17-76
179-->[com.google.firebase:firebase-auth:23.2.0] AndroidManifest.xml:38:27-73
180                <category android:name="android.intent.category.BROWSABLE" />
180-->[com.google.firebase:firebase-auth:23.2.0] AndroidManifest.xml:39:17-78
180-->[com.google.firebase:firebase-auth:23.2.0] AndroidManifest.xml:39:27-75
181
182                <data
182-->[com.google.firebase:firebase-auth:23.2.0] AndroidManifest.xml:41:17-44:51
183                    android:host="firebase.auth"
183-->[com.google.firebase:firebase-auth:23.2.0] AndroidManifest.xml:42:21-49
184                    android:path="/"
184-->[com.google.firebase:firebase-auth:23.2.0] AndroidManifest.xml:43:21-37
185                    android:scheme="recaptcha" />
185-->[com.google.firebase:firebase-auth:23.2.0] AndroidManifest.xml:44:21-48
186            </intent-filter>
187        </activity>
188
189        <service
189-->[com.google.firebase:firebase-auth:23.2.0] AndroidManifest.xml:66:9-72:19
190            android:name="com.google.firebase.components.ComponentDiscoveryService"
190-->[com.google.firebase:firebase-auth:23.2.0] AndroidManifest.xml:67:13-84
191            android:directBootAware="true"
191-->[com.google.firebase:firebase-common:21.0.0] AndroidManifest.xml:32:13-43
192            android:exported="false" >
192-->[com.google.firebase:firebase-auth:23.2.0] AndroidManifest.xml:68:13-37
193            <meta-data
193-->[com.google.firebase:firebase-auth:23.2.0] AndroidManifest.xml:69:13-71:85
194                android:name="com.google.firebase.components:com.google.firebase.auth.FirebaseAuthRegistrar"
194-->[com.google.firebase:firebase-auth:23.2.0] AndroidManifest.xml:70:17-109
195                android:value="com.google.firebase.components.ComponentRegistrar" />
195-->[com.google.firebase:firebase-auth:23.2.0] AndroidManifest.xml:71:17-82
196            <meta-data
196-->[com.google.firebase:firebase-firestore:25.1.3] AndroidManifest.xml:17:13-19:85
197                android:name="com.google.firebase.components:com.google.firebase.firestore.FirebaseFirestoreKtxRegistrar"
197-->[com.google.firebase:firebase-firestore:25.1.3] AndroidManifest.xml:18:17-122
198                android:value="com.google.firebase.components.ComponentRegistrar" />
198-->[com.google.firebase:firebase-firestore:25.1.3] AndroidManifest.xml:19:17-82
199            <meta-data
199-->[com.google.firebase:firebase-firestore:25.1.3] AndroidManifest.xml:20:13-22:85
200                android:name="com.google.firebase.components:com.google.firebase.firestore.FirestoreRegistrar"
200-->[com.google.firebase:firebase-firestore:25.1.3] AndroidManifest.xml:21:17-111
201                android:value="com.google.firebase.components.ComponentRegistrar" />
201-->[com.google.firebase:firebase-firestore:25.1.3] AndroidManifest.xml:22:17-82
202            <meta-data
202-->[com.google.firebase:firebase-messaging:24.1.1] AndroidManifest.xml:57:13-59:85
203                android:name="com.google.firebase.components:com.google.firebase.messaging.FirebaseMessagingKtxRegistrar"
203-->[com.google.firebase:firebase-messaging:24.1.1] AndroidManifest.xml:58:17-122
204                android:value="com.google.firebase.components.ComponentRegistrar" />
204-->[com.google.firebase:firebase-messaging:24.1.1] AndroidManifest.xml:59:17-82
205            <meta-data
205-->[com.google.firebase:firebase-messaging:24.1.1] AndroidManifest.xml:60:13-62:85
206                android:name="com.google.firebase.components:com.google.firebase.messaging.FirebaseMessagingRegistrar"
206-->[com.google.firebase:firebase-messaging:24.1.1] AndroidManifest.xml:61:17-119
207                android:value="com.google.firebase.components.ComponentRegistrar" />
207-->[com.google.firebase:firebase-messaging:24.1.1] AndroidManifest.xml:62:17-82
208            <meta-data
208-->[com.google.android.gms:play-services-measurement-api:22.4.0] AndroidManifest.xml:33:13-35:85
209                android:name="com.google.firebase.components:com.google.firebase.analytics.connector.internal.AnalyticsConnectorRegistrar"
209-->[com.google.android.gms:play-services-measurement-api:22.4.0] AndroidManifest.xml:34:17-139
210                android:value="com.google.firebase.components.ComponentRegistrar" />
210-->[com.google.android.gms:play-services-measurement-api:22.4.0] AndroidManifest.xml:35:17-82
211            <meta-data
211-->[com.google.firebase:firebase-storage:21.0.1] AndroidManifest.xml:30:13-32:85
212                android:name="com.google.firebase.components:com.google.firebase.storage.FirebaseStorageKtxRegistrar"
212-->[com.google.firebase:firebase-storage:21.0.1] AndroidManifest.xml:31:17-118
213                android:value="com.google.firebase.components.ComponentRegistrar" />
213-->[com.google.firebase:firebase-storage:21.0.1] AndroidManifest.xml:32:17-82
214            <meta-data
214-->[com.google.firebase:firebase-storage:21.0.1] AndroidManifest.xml:33:13-35:85
215                android:name="com.google.firebase.components:com.google.firebase.storage.StorageRegistrar"
215-->[com.google.firebase:firebase-storage:21.0.1] AndroidManifest.xml:34:17-107
216                android:value="com.google.firebase.components.ComponentRegistrar" />
216-->[com.google.firebase:firebase-storage:21.0.1] AndroidManifest.xml:35:17-82
217            <meta-data
217-->[com.google.firebase:firebase-installations:18.0.0] AndroidManifest.xml:15:13-17:85
218                android:name="com.google.firebase.components:com.google.firebase.installations.FirebaseInstallationsKtxRegistrar"
218-->[com.google.firebase:firebase-installations:18.0.0] AndroidManifest.xml:16:17-130
219                android:value="com.google.firebase.components.ComponentRegistrar" />
219-->[com.google.firebase:firebase-installations:18.0.0] AndroidManifest.xml:17:17-82
220            <meta-data
220-->[com.google.firebase:firebase-installations:18.0.0] AndroidManifest.xml:18:13-20:85
221                android:name="com.google.firebase.components:com.google.firebase.installations.FirebaseInstallationsRegistrar"
221-->[com.google.firebase:firebase-installations:18.0.0] AndroidManifest.xml:19:17-127
222                android:value="com.google.firebase.components.ComponentRegistrar" />
222-->[com.google.firebase:firebase-installations:18.0.0] AndroidManifest.xml:20:17-82
223            <meta-data
223-->[com.google.firebase:firebase-appcheck:18.0.0] AndroidManifest.xml:25:13-27:85
224                android:name="com.google.firebase.components:com.google.firebase.appcheck.FirebaseAppCheckKtxRegistrar"
224-->[com.google.firebase:firebase-appcheck:18.0.0] AndroidManifest.xml:26:17-120
225                android:value="com.google.firebase.components.ComponentRegistrar" />
225-->[com.google.firebase:firebase-appcheck:18.0.0] AndroidManifest.xml:27:17-82
226            <meta-data
226-->[com.google.firebase:firebase-appcheck:18.0.0] AndroidManifest.xml:28:13-30:85
227                android:name="com.google.firebase.components:com.google.firebase.appcheck.FirebaseAppCheckRegistrar"
227-->[com.google.firebase:firebase-appcheck:18.0.0] AndroidManifest.xml:29:17-117
228                android:value="com.google.firebase.components.ComponentRegistrar" />
228-->[com.google.firebase:firebase-appcheck:18.0.0] AndroidManifest.xml:30:17-82
229            <meta-data
229-->[com.google.firebase:firebase-common-ktx:21.0.0] AndroidManifest.xml:12:13-14:85
230                android:name="com.google.firebase.components:com.google.firebase.ktx.FirebaseCommonLegacyRegistrar"
230-->[com.google.firebase:firebase-common-ktx:21.0.0] AndroidManifest.xml:13:17-116
231                android:value="com.google.firebase.components.ComponentRegistrar" />
231-->[com.google.firebase:firebase-common-ktx:21.0.0] AndroidManifest.xml:14:17-82
232            <meta-data
232-->[com.google.firebase:firebase-common:21.0.0] AndroidManifest.xml:35:13-37:85
233                android:name="com.google.firebase.components:com.google.firebase.FirebaseCommonKtxRegistrar"
233-->[com.google.firebase:firebase-common:21.0.0] AndroidManifest.xml:36:17-109
234                android:value="com.google.firebase.components.ComponentRegistrar" />
234-->[com.google.firebase:firebase-common:21.0.0] AndroidManifest.xml:37:17-82
235            <meta-data
235-->[com.google.firebase:firebase-datatransport:18.2.0] AndroidManifest.xml:25:13-27:85
236                android:name="com.google.firebase.components:com.google.firebase.datatransport.TransportRegistrar"
236-->[com.google.firebase:firebase-datatransport:18.2.0] AndroidManifest.xml:26:17-115
237                android:value="com.google.firebase.components.ComponentRegistrar" />
237-->[com.google.firebase:firebase-datatransport:18.2.0] AndroidManifest.xml:27:17-82
238        </service>
239
240        <receiver
240-->[com.google.firebase:firebase-messaging:24.1.1] AndroidManifest.xml:29:9-40:20
241            android:name="com.google.firebase.iid.FirebaseInstanceIdReceiver"
241-->[com.google.firebase:firebase-messaging:24.1.1] AndroidManifest.xml:30:13-78
242            android:exported="true"
242-->[com.google.firebase:firebase-messaging:24.1.1] AndroidManifest.xml:31:13-36
243            android:permission="com.google.android.c2dm.permission.SEND" >
243-->[com.google.firebase:firebase-messaging:24.1.1] AndroidManifest.xml:32:13-73
244            <intent-filter>
244-->[com.google.firebase:firebase-messaging:24.1.1] AndroidManifest.xml:33:13-35:29
245                <action android:name="com.google.android.c2dm.intent.RECEIVE" />
245-->[com.google.firebase:firebase-messaging:24.1.1] AndroidManifest.xml:34:17-81
245-->[com.google.firebase:firebase-messaging:24.1.1] AndroidManifest.xml:34:25-78
246            </intent-filter>
247
248            <meta-data
248-->[com.google.firebase:firebase-messaging:24.1.1] AndroidManifest.xml:37:13-39:40
249                android:name="com.google.android.gms.cloudmessaging.FINISHED_AFTER_HANDLED"
249-->[com.google.firebase:firebase-messaging:24.1.1] AndroidManifest.xml:38:17-92
250                android:value="true" />
250-->[com.google.firebase:firebase-messaging:24.1.1] AndroidManifest.xml:39:17-37
251        </receiver>
252        <!--
253             FirebaseMessagingService performs security checks at runtime,
254             but set to not exported to explicitly avoid allowing another app to call it.
255        -->
256        <service
256-->[com.google.firebase:firebase-messaging:24.1.1] AndroidManifest.xml:46:9-53:19
257            android:name="com.google.firebase.messaging.FirebaseMessagingService"
257-->[com.google.firebase:firebase-messaging:24.1.1] AndroidManifest.xml:47:13-82
258            android:directBootAware="true"
258-->[com.google.firebase:firebase-messaging:24.1.1] AndroidManifest.xml:48:13-43
259            android:exported="false" >
259-->[com.google.firebase:firebase-messaging:24.1.1] AndroidManifest.xml:49:13-37
260            <intent-filter android:priority="-500" >
260-->[com.google.firebase:firebase-messaging:24.1.1] AndroidManifest.xml:50:13-52:29
260-->[com.google.firebase:firebase-messaging:24.1.1] AndroidManifest.xml:50:28-51
261                <action android:name="com.google.firebase.MESSAGING_EVENT" />
261-->[com.google.firebase:firebase-messaging:24.1.1] AndroidManifest.xml:51:17-78
261-->[com.google.firebase:firebase-messaging:24.1.1] AndroidManifest.xml:51:25-75
262            </intent-filter>
263        </service>
264
265        <receiver
265-->[com.google.android.gms:play-services-measurement:22.4.0] AndroidManifest.xml:29:9-33:20
266            android:name="com.google.android.gms.measurement.AppMeasurementReceiver"
266-->[com.google.android.gms:play-services-measurement:22.4.0] AndroidManifest.xml:30:13-85
267            android:enabled="true"
267-->[com.google.android.gms:play-services-measurement:22.4.0] AndroidManifest.xml:31:13-35
268            android:exported="false" >
268-->[com.google.android.gms:play-services-measurement:22.4.0] AndroidManifest.xml:32:13-37
269        </receiver>
270
271        <service
271-->[com.google.android.gms:play-services-measurement:22.4.0] AndroidManifest.xml:35:9-38:40
272            android:name="com.google.android.gms.measurement.AppMeasurementService"
272-->[com.google.android.gms:play-services-measurement:22.4.0] AndroidManifest.xml:36:13-84
273            android:enabled="true"
273-->[com.google.android.gms:play-services-measurement:22.4.0] AndroidManifest.xml:37:13-35
274            android:exported="false" />
274-->[com.google.android.gms:play-services-measurement:22.4.0] AndroidManifest.xml:38:13-37
275        <service
275-->[com.google.android.gms:play-services-measurement:22.4.0] AndroidManifest.xml:39:9-43:72
276            android:name="com.google.android.gms.measurement.AppMeasurementJobService"
276-->[com.google.android.gms:play-services-measurement:22.4.0] AndroidManifest.xml:40:13-87
277            android:enabled="true"
277-->[com.google.android.gms:play-services-measurement:22.4.0] AndroidManifest.xml:41:13-35
278            android:exported="false"